<?xml version="1.0" encoding="UTF-8"?>
<!-- Generated by org.testng.reporters.JUnitXMLReporter -->
<testsuite ignored="0" hostname="LAPTOP-58NM4USP" failures="0" tests="3" name="Button Test" time="16.515" errors="0" timestamp="2026-07-03T19:04:48 IST">
  <testcase classname="Automation.BuutontandradiobuttonTest" name="singleactionclick" time="3.498"/>
  <testcase classname="Automation.BuutontandradiobuttonTest" name="doubleactionclick" time="3.431"/>
  <testcase classname="Automation.BuutontandradiobuttonTest" name="rightactionclick" time="3.711"/>
</testsuite> <!-- Button Test -->
