<?xml version="1.0" encoding="UTF-8"?>
<!-- Generated by org.testng.reporters.JUnitXMLReporter -->
<testsuite ignored="0" hostname="LAPTOP-58NM4USP" failures="0" tests="5" name="Test" time="60.482" errors="0" timestamp="2026-07-03T19:00:28 IST">
  <testcase classname="Automation.LoginTest" name="verifySubmitMessage" time="23.54"/>
  <testcase classname="Automation.LoginTest" name="verifyResetMessage" time="10.487"/>
  <testcase classname="Automation.BuutontandradiobuttonTest" name="singleactionclick" time="3.553"/>
  <testcase classname="Automation.BuutontandradiobuttonTest" name="doubleactionclick" time="3.556"/>
  <testcase classname="Automation.BuutontandradiobuttonTest" name="rightactionclick" time="3.335"/>
</testsuite> <!-- Test -->
