<?xml version="1.0" encoding="UTF-8"?>
<!-- Generated by org.testng.reporters.JUnitReportReporter -->
<testsuite hostname="LAPTOP-58NM4USP" failures="0" tests="3" name="Automation.BuutontandradiobuttonTest" time="10.640" errors="0" timestamp="2026-07-03T19:04:49 IST" skipped="0">
  <testcase classname="Automation.BuutontandradiobuttonTest" name="singleactionclick" time="3.498"/>
  <testcase classname="Automation.BuutontandradiobuttonTest" name="doubleactionclick" time="3.431"/>
  <testcase classname="Automation.BuutontandradiobuttonTest" name="rightactionclick" time="3.711"/>
</testsuite> <!-- Automation.BuutontandradiobuttonTest -->
